<?xml version="1.0" encoding="UTF-8"?>
<!-- Generated by org.testng.reporters.JUnitReportReporter -->
<testsuite hostname="LAPTOP-8S1FK83A" failures="0" tests="8" name="com.testing.TestFile" time="263.986" errors="0" timestamp="2023-01-15T19:26:01 EST" skipped="0">
  <testcase classname="com.testing.TestFile" name="invalidEmailTest" time="14.267"/>
  <system-out/>
  <testcase classname="com.testing.TestFile" name="noEmailAndPhoneTest" time="20.415"/>
  <system-out/>
  <testcase classname="com.testing.TestFile" name="correctEmailPasswordTest" time="17.353"/>
  <system-out/>
  <testcase classname="com.testing.TestFile" name="correctEmailInvalidPassTest" time="25.461"/>
  <system-out/>
  <testcase classname="com.testing.TestFile" name="countMailFirstPageTest" time="24.472"/>
  <system-out/>
  <testcase classname="com.testing.TestFile" name="countTotalMailsTest" time="28.478"/>
  <system-out/>
  <testcase classname="com.testing.TestFile" name="selectOneMailTest" time="91.799"/>
  <system-out/>
  <testcase classname="com.testing.TestFile" name="readToUnreadFileTest" time="41.741"/>
  <system-out/>
</testsuite> <!-- com.testing.TestFile -->
